# JRE version: OpenJDK Runtime Environment (7.0_65-b32) (build 1.7.0_65-b32)
# Java VM: OpenJDK 64-Bit Server VM (24.65-b04 mixed mode linux-amd64 compressed oops)
Heap
 PSYoungGen      total 215040K, used 31728K [0x00000000eaa80000, 0x00000000fb400000, 0x0000000100000000)
  eden space 207360K, 15% used [0x00000000eaa80000,0x00000000ec97c108,0x00000000f7500000)
  from space 7680K, 0% used [0x00000000f7500000,0x00000000f7500000,0x00000000f7c80000)
  to   space 32256K, 0% used [0x00000000f9480000,0x00000000f9480000,0x00000000fb400000)
 ParOldGen       total 103424K, used 103002K [0x00000000c0000000, 0x00000000c6500000, 0x00000000eaa80000)
  object space 103424K, 99% used [0x00000000c0000000,0x00000000c64969d0,0x00000000c6500000)
 PSPermGen       total 115200K, used 85918K [0x00000000b0000000, 0x00000000b7080000, 0x00000000c0000000)
  object space 115200K, 74% used [0x00000000b0000000,0x00000000b53e7a88,0x00000000b7080000)
GC Heap History (10 events):
Event: 671.806 GC heap after
Heap after GC invocations=17 (full 4):
 PSYoungGen      total 175616K, used 19787K [0x00000000eaa80000, 0x00000000fb080000, 0x0000000100000000)
  eden space 147456K, 13% used [0x00000000eaa80000,0x00000000ebdd2cb0,0x00000000f3a80000)
  from space 28160K, 0% used [0x00000000f3a80000,0x00000000f3a80000,0x00000000f5600000)
  to   space 27136K, 0% used [0x00000000f9600000,0x00000000f9600000,0x00000000fb080000)
 ParOldGen       total 103424K, used 66016K [0x00000000c0000000, 0x00000000c6500000, 0x00000000eaa80000)
  object space 103424K, 63% used [0x00000000c0000000,0x00000000c4078050,0x00000000c6500000)
 PSPermGen       total 107008K, used 62646K [0x00000000b0000000, 0x00000000b6880000, 0x00000000c0000000)
  object space 107008K, 58% used [0x00000000b0000000,0x00000000b3d2dae8,0x00000000b6880000)
}
Event: 738.287 GC heap before
{Heap before GC invocations=18 (full 4):
 PSYoungGen      total 175616K, used 147456K [0x00000000eaa80000, 0x00000000fb080000, 0x0000000100000000)
  eden space 147456K, 100% used [0x00000000eaa80000,0x00000000f3a80000,0x00000000f3a80000)
  from space 28160K, 0% used [0x00000000f3a80000,0x00000000f3a80000,0x00000000f5600000)
  to   space 27136K, 0% used [0x00000000f9600000,0x00000000f9600000,0x00000000fb080000)
 ParOldGen       total 103424K, used 66016K [0x00000000c0000000, 0x00000000c6500000, 0x00000000eaa80000)
  object space 103424K, 63% used [0x00000000c0000000,0x00000000c4078050,0x00000000c6500000)
 PSPermGen       total 107008K, used 67787K [0x00000000b0000000, 0x00000000b6880000, 0x00000000c0000000)
  object space 107008K, 63% used [0x00000000b0000000,0x00000000b4232da8,0x00000000b6880000)
Event: 738.428 GC heap after
Heap after GC invocations=18 (full 4):
 PSYoungGen      total 234496K, used 27119K [0x00000000eaa80000, 0x00000000fb600000, 0x0000000100000000)
  eden space 207360K, 0% used [0x00000000eaa80000,0x00000000eaa80000,0x00000000f7500000)
  from space 27136K, 99% used [0x00000000f9600000,0x00000000fb07bd88,0x00000000fb080000)
  to   space 33280K, 0% used [0x00000000f7500000,0x00000000f7500000,0x00000000f9580000)
 ParOldGen       total 103424K, used 71281K [0x00000000c0000000, 0x00000000c6500000, 0x00000000eaa80000)
  object space 103424K, 68% used [0x00000000c0000000,0x00000000c459c6a8,0x00000000c6500000)
 PSPermGen       total 107008K, used 67787K [0x00000000b0000000, 0x00000000b6880000, 0x00000000c0000000)
  object space 107008K, 63% used [0x00000000b0000000,0x00000000b4232da8,0x00000000b6880000)
}
Event: 741.198 GC heap before
{Heap before GC invocations=19 (full 4):
 PSYoungGen      total 234496K, used 102055K [0x00000000eaa80000, 0x00000000fb600000, 0x0000000100000000)
  eden space 207360K, 36% used [0x00000000eaa80000,0x00000000ef3adfd0,0x00000000f7500000)
  from space 27136K, 99% used [0x00000000f9600000,0x00000000fb07bd88,0x00000000fb080000)
  to   space 33280K, 0% used [0x00000000f7500000,0x00000000f7500000,0x00000000f9580000)
 ParOldGen       total 103424K, used 71281K [0x00000000c0000000, 0x00000000c6500000, 0x00000000eaa80000)
  object space 103424K, 68% used [0x00000000c0000000,0x00000000c459c6a8,0x00000000c6500000)
 PSPermGen       total 107008K, used 70384K [0x00000000b0000000, 0x00000000b6880000, 0x00000000c0000000)
  object space 107008K, 65% used [0x00000000b0000000,0x00000000b44bc1a0,0x00000000b6880000)
Event: 741.265 GC heap after
Heap after GC invocations=19 (full 4):
 PSYoungGen      total 215040K, used 7505K [0x00000000eaa80000, 0x00000000fb400000, 0x0000000100000000)
  eden space 207360K, 0% used [0x00000000eaa80000,0x00000000eaa80000,0x00000000f7500000)
  from space 7680K, 97% used [0x00000000f7500000,0x00000000f7c54710,0x00000000f7c80000)
  to   space 32256K, 0% used [0x00000000f9480000,0x00000000f9480000,0x00000000fb400000)
 ParOldGen       total 103424K, used 97159K [0x00000000c0000000, 0x00000000c6500000, 0x00000000eaa80000)
  object space 103424K, 93% used [0x00000000c0000000,0x00000000c5ee1e40,0x00000000c6500000)
 PSPermGen       total 107008K, used 70384K [0x00000000b0000000, 0x00000000b6880000, 0x00000000c0000000)
  object space 107008K, 65% used [0x00000000b0000000,0x00000000b44bc1a0,0x00000000b6880000)
}
Event: 741.265 GC heap before
{Heap before GC invocations=20 (full 5):
 PSYoungGen      total 215040K, used 7505K [0x00000000eaa80000, 0x00000000fb400000, 0x0000000100000000)
  eden space 207360K, 0% used [0x00000000eaa80000,0x00000000eaa80000,0x00000000f7500000)
  from space 7680K, 97% used [0x00000000f7500000,0x00000000f7c54710,0x00000000f7c80000)
  to   space 32256K, 0% used [0x00000000f9480000,0x00000000f9480000,0x00000000fb400000)
 ParOldGen       total 103424K, used 97159K [0x00000000c0000000, 0x00000000c6500000, 0x00000000eaa80000)
  object space 103424K, 93% used [0x00000000c0000000,0x00000000c5ee1e40,0x00000000c6500000)
 PSPermGen       total 107008K, used 70384K [0x00000000b0000000, 0x00000000b6880000, 0x00000000c0000000)
  object space 107008K, 65% used [0x00000000b0000000,0x00000000b44bc1a0,0x00000000b6880000)
Event: 742.312 GC heap after
Heap after GC invocations=20 (full 5):
 PSYoungGen      total 215040K, used 0K [0x00000000eaa80000, 0x00000000fb400000, 0x0000000100000000)
  eden space 207360K, 0% used [0x00000000eaa80000,0x00000000eaa80000,0x00000000f7500000)
  from space 7680K, 0% used [0x00000000f7500000,0x00000000f7500000,0x00000000f7c80000)
  to   space 32256K, 0% used [0x00000000f9480000,0x00000000f9480000,0x00000000fb400000)
 ParOldGen       total 103424K, used 97083K [0x00000000c0000000, 0x00000000c6500000, 0x00000000eaa80000)
  object space 103424K, 93% used [0x00000000c0000000,0x00000000c5eceec8,0x00000000c6500000)
 PSPermGen       total 111104K, used 70379K [0x00000000b0000000, 0x00000000b6c80000, 0x00000000c0000000)
  object space 111104K, 63% used [0x00000000b0000000,0x00000000b44baf68,0x00000000b6c80000)
}
Event: 878.550 GC heap before
{Heap before GC invocations=21 (full 6):
 PSYoungGen      total 215040K, used 175981K [0x00000000eaa80000, 0x00000000fb400000, 0x0000000100000000)
  eden space 207360K, 84% used [0x00000000eaa80000,0x00000000f565b640,0x00000000f7500000)
  from space 7680K, 0% used [0x00000000f7500000,0x00000000f7500000,0x00000000f7c80000)
  to   space 32256K, 0% used [0x00000000f9480000,0x00000000f9480000,0x00000000fb400000)
 ParOldGen       total 103424K, used 97083K [0x00000000c0000000, 0x00000000c6500000, 0x00000000eaa80000)
  object space 103424K, 93% used [0x00000000c0000000,0x00000000c5eceec8,0x00000000c6500000)
 PSPermGen       total 111104K, used 77346K [0x00000000b0000000, 0x00000000b6c80000, 0x00000000c0000000)
  object space 111104K, 69% used [0x00000000b0000000,0x00000000b4b88960,0x00000000b6c80000)
Event: 879.857 GC heap after
Heap after GC invocations=21 (full 6):
 PSYoungGen      total 215040K, used 12384K [0x00000000eaa80000, 0x00000000fb400000, 0x0000000100000000)
  eden space 207360K, 5% used [0x00000000eaa80000,0x00000000eb6981d8,0x00000000f7500000)
  from space 7680K, 0% used [0x00000000f7500000,0x00000000f7500000,0x00000000f7c80000)
  to   space 32256K, 0% used [0x00000000f9480000,0x00000000f9480000,0x00000000fb400000)
 ParOldGen       total 103424K, used 103404K [0x00000000c0000000, 0x00000000c6500000, 0x00000000eaa80000)
  object space 103424K, 99% used [0x00000000c0000000,0x00000000c64fb2d8,0x00000000c6500000)
 PSPermGen       total 115200K, used 77342K [0x00000000b0000000, 0x00000000b7080000, 0x00000000c0000000)
  object space 115200K, 67% used [0x00000000b0000000,0x00000000b4b87a28,0x00000000b7080000)
}
Event: 943.725 GC heap before
{Heap before GC invocations=22 (full 7):
 PSYoungGen      total 215040K, used 207360K [0x00000000eaa80000, 0x00000000fb400000, 0x0000000100000000)
  eden space 207360K, 100% used [0x00000000eaa80000,0x00000000f7500000,0x00000000f7500000)
  from space 7680K, 0% used [0x00000000f7500000,0x00000000f7500000,0x00000000f7c80000)
  to   space 32256K, 0% used [0x00000000f9480000,0x00000000f9480000,0x00000000fb400000)
 ParOldGen       total 103424K, used 103404K [0x00000000c0000000, 0x00000000c6500000, 0x00000000eaa80000)
  object space 103424K, 99% used [0x00000000c0000000,0x00000000c64fb2d8,0x00000000c6500000)
 PSPermGen       total 115200K, used 85923K [0x00000000b0000000, 0x00000000b7080000, 0x00000000c0000000)
  object space 115200K, 74% used [0x00000000b0000000,0x00000000b53e8c50,0x00000000b7080000)

